<?xml version="1.0" encoding="UTF-8"?>
<testsuite xmlns:xsi="http://www.w3.org/2001/XMLSchema-instance" xsi:noNamespaceSchemaLocation="https://maven.apache.org/surefire/maven-surefire-plugin/xsd/surefire-test-report-3.0.xsd" version="3.0" name="com.fidelidad.servicio.CompraServiceTest" time="0.034" tests="6" errors="0" skipped="0" failures="0">
  <properties>
[...]
</properties>
  <testcase name="registrarCompra_clienteInexistente_noHaceNada" classname="com.fidelidad.servicio.CompraServiceTest" time="0.012">
    <system-out><![CDATA[Cliente no encontrado.
]]></system-out>
  </testcase>
  <testcase name="registrarCompra_clienteBronce_asignaPuntosCorrectamente" classname="com.fidelidad.servicio.CompraServiceTest" time="0.009">
    <system-out><![CDATA[Cliente agregado correctamente.
Compra registrada con éxito. Se otorgaron 10 puntos.
]]></system-out>
  </testcase>
  <testcase name="registrarCompra_actualizaNivelFidelidadCorrectamente" classname="com.fidelidad.servicio.CompraServiceTest" time="0.002">
    <system-out><![CDATA[Cliente agregado correctamente.
Compra registrada con éxito. Se otorgaron 1600 puntos.
]]></system-out>
  </testcase>
  <testcase name="registrarCompra_tresComprasMismoDia_agregaBonus10" classname="com.fidelidad.servicio.CompraServiceTest" time="0.001">
    <system-out><![CDATA[Cliente agregado correctamente.
Compra registrada con éxito. Se otorgaron 2 puntos.
Compra registrada con éxito. Se otorgaron 3 puntos.
Compra registrada con éxito. Se otorgaron 11 puntos.
]]></system-out>
  </testcase>
  <testcase name="obtenerHistorialPorCliente_retornaComprasCorrectamente" classname="com.fidelidad.servicio.CompraServiceTest" time="0.001">
    <system-out><![CDATA[Cliente agregado correctamente.
Compra registrada con éxito. Se otorgaron 5 puntos.
Compra registrada con éxito. Se otorgaron 10 puntos.
]]></system-out>
  </testcase>
  <testcase name="registrarCompra_clientePlata_asignaPuntosConMultiplicador" classname="com.fidelidad.servicio.CompraServiceTest" time="0.001">
    <system-out><![CDATA[Cliente agregado correctamente.
Compra registrada con éxito. Se otorgaron 12 puntos.
]]></system-out>
  </testcase>
</testsuite>