<?xml version="1.0" encoding="UTF-8"?>
<testsuite xmlns:xsi="http://www.w3.org/2001/XMLSchema-instance" xsi:noNamespaceSchemaLocation="https://maven.apache.org/surefire/maven-surefire-plugin/xsd/surefire-test-report-3.0.xsd" version="3.0" name="com.fidelidad.servicio.ClienteServiceTest" time="0.079" tests="11" errors="0" skipped="0" failures="0">
  <properties>
[...]
</properties>
  <testcase name="buscarCliente_inexistente_debeRetornarNull" classname="com.fidelidad.servicio.ClienteServiceTest" time="0.036"/>
  <testcase name="actualizarCliente_existente_debeActualizar" classname="com.fidelidad.servicio.ClienteServiceTest" time="0.003">
    <system-out><![CDATA[Cliente agregado correctamente.
Cliente actualizado.
]]></system-out>
  </testcase>
  <testcase name="agregarCliente_idRepetido_debeFallar" classname="com.fidelidad.servicio.ClienteServiceTest" time="0.001">
    <system-out><![CDATA[Cliente agregado correctamente.
Ya existe un cliente con ese ID.
]]></system-out>
  </testcase>
  <testcase name="agregarCliente_nombreVacio_debeFallar" classname="com.fidelidad.servicio.ClienteServiceTest" time="0.001">
    <system-out><![CDATA[El nombre no puede estar vacío.
]]></system-out>
  </testcase>
  <testcase name="listarClientes_debeRetornarTodosLosClientes" classname="com.fidelidad.servicio.ClienteServiceTest" time="0.001">
    <system-out><![CDATA[Cliente agregado correctamente.
Cliente agregado correctamente.
]]></system-out>
  </testcase>
  <testcase name="eliminarCliente_existente_debeEliminar" classname="com.fidelidad.servicio.ClienteServiceTest" time="0.0">
    <system-out><![CDATA[Cliente agregado correctamente.
Cliente eliminado correctamente.
]]></system-out>
  </testcase>
  <testcase name="agregarCliente_correoInvalido_debeFallar" classname="com.fidelidad.servicio.ClienteServiceTest" time="0.001">
    <system-out><![CDATA[Correo inválido.
]]></system-out>
  </testcase>
  <testcase name="actualizarCliente_inexistente_debeFallar" classname="com.fidelidad.servicio.ClienteServiceTest" time="0.001">
    <system-out><![CDATA[Cliente no encontrado.
]]></system-out>
  </testcase>
  <testcase name="eliminarCliente_inexistente_debeFallar" classname="com.fidelidad.servicio.ClienteServiceTest" time="0.0">
    <system-out><![CDATA[Cliente no encontrado.
]]></system-out>
  </testcase>
  <testcase name="buscarCliente_existente_debeRetornarCliente" classname="com.fidelidad.servicio.ClienteServiceTest" time="0.004">
    <system-out><![CDATA[Cliente agregado correctamente.
]]></system-out>
  </testcase>
  <testcase name="agregarCliente_valido_debeAgregarCorrectamente" classname="com.fidelidad.servicio.ClienteServiceTest" time="0.001">
    <system-out><![CDATA[Cliente agregado correctamente.
]]></system-out>
  </testcase>
</testsuite>